  Building Custom Rule E:/OpenHRI/1.0/OpenHRIAudio/cmake_files/OpenHRIAudioManager/CMakeLists.txt
  CMake does not need to re-run because E:/OpenHRI/1.0/OpenHRIAudio/cmake_files/OpenHRIAudioManager/build/CMakeFiles/generate.stamp is up-to-date.
  OpenHRIAudioManager.cpp
C:\Program Files (x86)\OpenRTM-aist\1.1.2\coil/config_coil.h(86): warning C4005: 'PACKAGE': マクロが再定義されました。
  C:\Program Files (x86)\OpenRTM-aist\1.1.2\coil/config_coil.h(86): note: コマンド ラインの引数: 'PACKAGE' の前の定義を確認してください
  windowing.cpp
  コードを生成中...
OpenHRIAudioManager.obj : error LNK2019: 未解決の外部シンボル "__declspec(dllimport) public: __thiscall omni_thread::init_t::init_t(void)" (__imp_??0init_t@omni_thread@@QAE@XZ) が関数 "void __cdecl `dynamic initializer for 'omni_thread_init''(void)" (??__Eomni_thread_init@@YAXXZ) で参照されました。
OpenHRIAudioManager.obj : error LNK2019: 未解決の外部シンボル "__declspec(dllimport) public: __thiscall omni_thread::init_t::~init_t(void)" (__imp_??1init_t@omni_thread@@QAE@XZ) が関数 "void __cdecl `dynamic atexit destructor for 'omni_thread_init''(void)" (??__Fomni_thread_init@@YAXXZ) で参照されました。
OpenHRIAudioManager.obj : error LNK2019: 未解決の外部シンボル "public: __thiscall _omniFinalCleanup::_omniFinalCleanup(void)" (??0_omniFinalCleanup@@QAE@XZ) が関数 "void __cdecl `dynamic initializer for '_the_omniFinalCleanup''(void)" (??__E_the_omniFinalCleanup@@YAXXZ) で参照されました。
OpenHRIAudioManager.obj : error LNK2019: 未解決の外部シンボル "public: __thiscall _omniFinalCleanup::~_omniFinalCleanup(void)" (??1_omniFinalCleanup@@QAE@XZ) が関数 "void __cdecl `dynamic atexit destructor for '_the_omniFinalCleanup''(void)" (??__F_the_omniFinalCleanup@@YAXXZ) で参照されました。
OpenHRIAudioManager.obj : error LNK2019: 未解決の外部シンボル "void __cdecl _CORBA_bad_param_freebuf(void)" (?_CORBA_bad_param_freebuf@@YAXXZ) が関数 "public: static void __cdecl _CORBA_Sequence_String::freebuf(char * *)" (?freebuf@_CORBA_Sequence_String@@SAXPAPAD@Z) で参照されました。
OpenHRIAudioManager.obj : error LNK2019: 未解決の外部シンボル "void __cdecl omni::releaseObjRef(class omniObjRef *)" (?releaseObjRef@omni@@YAXPAVomniObjRef@@@Z) が関数 "void __cdecl CORBA::release(class CORBA::Object *)" (?release@CORBA@@YAXPAVObject@1@@Z) で参照されました。
OpenHRIAudioManager.obj : error LNK2019: 未解決の外部シンボル "public: __thiscall CORBA::TypeCode_member::~TypeCode_member(void)" (??1TypeCode_member@CORBA@@QAE@XZ) が関数 "public: __thiscall SDOPackage::Parameter::~Parameter(void)" (??1Parameter@SDOPackage@@QAE@XZ) で参照されました。
OpenHRIAudioManager.obj : error LNK2019: 未解決の外部シンボル "public: __thiscall CORBA::Any::~Any(void)" (??1Any@CORBA@@QAE@XZ) が関数 "public: __thiscall SDOPackage::NameValue::~NameValue(void)" (??1NameValue@SDOPackage@@QAE@XZ) で参照されました。
OpenHRIAudioManager.obj : error LNK2019: 未解決の外部シンボル "public: static void __cdecl CORBA::IDLType_Helper::release(class CORBA::_objref_IDLType *)" (?release@IDLType_Helper@CORBA@@SAXPAV_objref_IDLType@2@@Z) が関数 "public: __thiscall _CORBA_ObjRef_Member<class CORBA::_objref_IDLType,class CORBA::IDLType_Helper>::~_CORBA_ObjRef_Member<class CORBA::_objref_IDLType,class CORBA::IDLType_Helper>(void)" (??1?$_CORBA_ObjRef_Member@V_objref_IDLType@CORBA@@VIDLType_Helper@2@@@QAE@XZ) で参照されました。
OpenHRIAudioManager.obj : error LNK2019: 未解決の外部シンボル "public: static void __cdecl SDOPackage::SDOService_Helper::release(class SDOPackage::_objref_SDOService *)" (?release@SDOService_Helper@SDOPackage@@SAXPAV_objref_SDOService@2@@Z) が関数 "public: __thiscall _CORBA_ObjRef_Member<class SDOPackage::_objref_SDOService,class SDOPackage::SDOService_Helper>::~_CORBA_ObjRef_Member<class SDOPackage::_objref_SDOService,class SDOPackage::SDOService_Helper>(void)" (??1?$_CORBA_ObjRef_Member@V_objref_SDOService@SDOPackage@@VSDOService_Helper@2@@@QAE@XZ) で参照されました。
OpenHRIAudioManager.obj : error LNK2019: 未解決の外部シンボル "public: static void __cdecl RTC::FsmParticipantAction_Helper::release(class RTC::_objref_FsmParticipantAction *)" (?release@FsmParticipantAction_Helper@RTC@@SAXPAV_objref_FsmParticipantAction@2@@Z) が関数 "public: __thiscall _CORBA_ObjRef_Member<class RTC::_objref_FsmParticipantAction,class RTC::FsmParticipantAction_Helper>::~_CORBA_ObjRef_Member<class RTC::_objref_FsmParticipantAction,class RTC::FsmParticipantAction_Helper>(void)" (??1?$_CORBA_ObjRef_Member@V_objref_FsmParticipantAction@RTC@@VFsmParticipantAction_Helper@2@@@QAE@XZ) で参照されました。
OpenHRIAudioManager.obj : error LNK2019: 未解決の外部シンボル "public: static void __cdecl RTC::RTObject_Helper::release(class RTC::_objref_RTObject *)" (?release@RTObject_Helper@RTC@@SAXPAV_objref_RTObject@2@@Z) が関数 "public: __thiscall _CORBA_ObjRef_Member<class RTC::_objref_RTObject,class RTC::RTObject_Helper>::~_CORBA_ObjRef_Member<class RTC::_objref_RTObject,class RTC::RTObject_Helper>(void)" (??1?$_CORBA_ObjRef_Member@V_objref_RTObject@RTC@@VRTObject_Helper@2@@@QAE@XZ) で参照されました。
OpenHRIAudioManager.obj : error LNK2019: 未解決の外部シンボル "public: static void __cdecl RTC::PortService_Helper::release(class RTC::_objref_PortService *)" (?release@PortService_Helper@RTC@@SAXPAV_objref_PortService@2@@Z) が関数 "public: __thiscall _CORBA_ObjRef_Member<class RTC::_objref_PortService,class RTC::PortService_Helper>::~_CORBA_ObjRef_Member<class RTC::_objref_PortService,class RTC::PortService_Helper>(void)" (??1?$_CORBA_ObjRef_Member@V_objref_PortService@RTC@@VPortService_Helper@2@@@QAE@XZ) で参照されました。
OpenHRIAudioManager.obj : error LNK2019: 未解決の外部シンボル "public: static class RTC::Manager * __cdecl RTC::Manager::init(int,char * *)" (?init@Manager@RTC@@SAPAV12@HPAPAD@Z) が関数 _main で参照されました。
OpenHRIAudioManager.obj : error LNK2019: 未解決の外部シンボル "public: void __thiscall RTC::Manager::terminate(void)" (?terminate@Manager@RTC@@QAEXXZ) が関数 _main で参照されました。
OpenHRIAudioManager.obj : error LNK2019: 未解決の外部シンボル "public: bool __thiscall RTC::Manager::activateManager(void)" (?activateManager@Manager@RTC@@QAE_NXZ) が関数 _main で参照されました。
OpenHRIAudioManager.obj : error LNK2019: 未解決の外部シンボル "public: void __thiscall RTC::Manager::runManager(bool)" (?runManager@Manager@RTC@@QAEX_N@Z) が関数 _main で参照されました。
OpenHRIAudioManager.obj : error LNK2019: 未解決の外部シンボル "public: void __thiscall RTC::Manager::load(char const *,char const *)" (?load@Manager@RTC@@QAEXPBD0@Z) が関数 _main で参照されました。
OpenHRIAudioManager.obj : error LNK2019: 未解決の外部シンボル "public: class RTC::RTObject_impl * __thiscall RTC::Manager::createComponent(char const *)" (?createComponent@Manager@RTC@@QAEPAVRTObject_impl@2@PBD@Z) が関数 "int __stdcall DlgProc(struct HWND__ *,unsigned int,unsigned int,long)" (?DlgProc@@YGHPAUHWND__@@IIJ@Z) で参照されました。
OpenHRIAudioManager.obj : error LNK2001: 外部シンボル ""__declspec(dllimport) public: static char const * const _CORBA_String_helper::empty_string" (__imp_?empty_string@_CORBA_String_helper@@2QBDB)" は未解決です。
E:\OpenHRI\1.0\OpenHRIAudio\cmake_files\OpenHRIAudioManager\build\Debug\OpenHRIAudioManager.exe : fatal error LNK1120: 20 件の未解決の外部参照
